<?xml version="1.0" encoding="UTF-8"?>
<testsuite xmlns:xsi="http://www.w3.org/2001/XMLSchema-instance" xsi:noNamespaceSchemaLocation="https://maven.apache.org/surefire/maven-surefire-plugin/xsd/surefire-test-report-3.0.xsd" version="3.0" name="com.notificationservice.queue.MessageQueueTest" time="0.074" tests="5" errors="0" skipped="0" failures="0">
  <properties>
[...]
</properties>
  <testcase name="deadLetterQueueTracksMessages" classname="com.notificationservice.queue.MessageQueueTest" time="0.057">
    <system-out><![CDATA[15:16:42.245 [main] WARN com.notificationservice.queue.DeadLetterQueue -- Message 46d235e1-6b3e-4f5c-a696-e12860edaef5 moved to DLQ after 0 retries — type=PUSH recipient=device
]]></system-out>
  </testcase>
  <testcase name="statsAreAccurate" classname="com.notificationservice.queue.MessageQueueTest" time="0.002">
    <system-out><![CDATA[15:16:42.255 [main] INFO com.notificationservice.queue.MessageQueue -- Queue [test] initialized with capacity 10
15:16:42.255 [main] DEBUG com.notificationservice.queue.MessageQueue -- Enqueued 67ade558-94a3-421b-b83e-c1a2ad767c90 to [test] size=1
15:16:42.255 [main] DEBUG com.notificationservice.queue.MessageQueue -- Enqueued 8c8e69d7-5fd8-42fa-be7c-53aa8c0df9a1 to [test] size=2
15:16:42.255 [main] DEBUG com.notificationservice.queue.MessageQueue -- Enqueued c01de79b-53b7-4c78-a612-5b52e637c5d9 to [test] size=3
15:16:42.255 [main] DEBUG com.notificationservice.queue.MessageQueue -- Enqueued 4b682c31-601e-4114-b96a-76d12c726c9f to [test] size=4
15:16:42.255 [main] DEBUG com.notificationservice.queue.MessageQueue -- Enqueued e42dee2f-85e9-4a9c-b82b-4c294590ba63 to [test] size=5
15:16:42.255 [main] DEBUG com.notificationservice.queue.MessageQueue -- Dequeued 67ade558-94a3-421b-b83e-c1a2ad767c90 from [test] size=4
15:16:42.255 [main] DEBUG com.notificationservice.queue.MessageQueue -- Dequeued 8c8e69d7-5fd8-42fa-be7c-53aa8c0df9a1 from [test] size=3
15:16:42.255 [main] DEBUG com.notificationservice.queue.MessageQueue -- Dequeued c01de79b-53b7-4c78-a612-5b52e637c5d9 from [test] size=2
]]></system-out>
  </testcase>
  <testcase name="messageRetryCountIncrements" classname="com.notificationservice.queue.MessageQueueTest" time="0.001"/>
  <testcase name="enqueueAndDequeue" classname="com.notificationservice.queue.MessageQueueTest" time="0.001">
    <system-out><![CDATA[15:16:42.258 [main] INFO com.notificationservice.queue.MessageQueue -- Queue [test] initialized with capacity 10
15:16:42.258 [main] DEBUG com.notificationservice.queue.MessageQueue -- Enqueued b234c1d5-8ffb-4ea2-8d02-450870dfc019 to [test] size=1
15:16:42.258 [main] DEBUG com.notificationservice.queue.MessageQueue -- Dequeued b234c1d5-8ffb-4ea2-8d02-450870dfc019 from [test] size=0
]]></system-out>
  </testcase>
  <testcase name="queueFullDropsMessage" classname="com.notificationservice.queue.MessageQueueTest" time="0.001">
    <system-out><![CDATA[15:16:42.259 [main] INFO com.notificationservice.queue.MessageQueue -- Queue [test] initialized with capacity 2
15:16:42.259 [main] DEBUG com.notificationservice.queue.MessageQueue -- Enqueued 92ddb4a1-6cc3-4451-8e3d-af744d2339b1 to [test] size=1
15:16:42.259 [main] DEBUG com.notificationservice.queue.MessageQueue -- Enqueued 3657fcd1-b8d0-4dca-8f18-0f80d49b3939 to [test] size=2
15:16:42.259 [main] WARN com.notificationservice.queue.MessageQueue -- Queue [test] is full! Dropped message 26d88a14-a51a-4b13-adab-7c63f6e2ba1e
]]></system-out>
  </testcase>
</testsuite>